Flow report for SPACE_INVADERS
Thu Apr  9 22:00:33 2026
Quartus Prime Version 24.1std.0 Build 1077 03/04/2025 SC Lite Edition


---------------------
; Table of Contents ;
---------------------
  1. Legal Notice
  2. Flow Summary
  3. Flow Settings
  4. Flow Non-Default Global Settings
  5. Flow Elapsed Time
  6. Flow OS Summary
  7. Flow Log
  8. Flow Messages
  9. Flow Suppressed Messages



----------------
; Legal Notice ;
----------------
Copyright (C) 2025  Altera Corporation. All rights reserved.
Your use of Altera Corporation's design tools, logic functions 
and other software and tools, and any partner logic 
functions, and any output files from any of the foregoing 
(including device programming or simulation files), and any 
associated documentation or information are expressly subject 
to the terms and conditions of the Altera Program License 
Subscription Agreement, the Altera Quartus Prime License Agreement,
the Altera IP License Agreement, or other applicable license
agreement, including, without limitation, that your use is for
the sole purpose of programming logic devices manufactured by
Altera and sold by Altera or its authorized distributors.  Please
refer to the Altera Software License Subscription Agreements 
on the Quartus Prime software download page.



+-----------------------------------------------------------------------------------+
; Flow Summary                                                                      ;
+---------------------------------+-------------------------------------------------+
; Flow Status                     ; Successful - Thu Apr  9 22:00:33 2026           ;
; Quartus Prime Version           ; 24.1std.0 Build 1077 03/04/2025 SC Lite Edition ;
; Revision Name                   ; SPACE_INVADERS                                  ;
; Top-level Entity Name           ; SPACE_INVADERS                                  ;
; Family                          ; Cyclone V                                       ;
; Device                          ; 5CSEBA6U23I7                                    ;
; Timing Models                   ; Final                                           ;
; Logic utilization (in ALMs)     ; 3,356 / 41,910 ( 8 % )                          ;
; Total registers                 ; 2439                                            ;
; Total pins                      ; 118 / 314 ( 38 % )                              ;
; Total virtual pins              ; 0                                               ;
; Total block memory bits         ; 402,320 / 5,662,720 ( 7 % )                     ;
; Total DSP Blocks                ; 3 / 112 ( 3 % )                                 ;
; Total HSSI RX PCSs              ; 0                                               ;
; Total HSSI PMA RX Deserializers ; 0                                               ;
; Total HSSI TX PCSs              ; 0                                               ;
; Total HSSI PMA TX Serializers   ; 0                                               ;
; Total PLLs                      ; 2 / 6 ( 33 % )                                  ;
; Total DLLs                      ; 1 / 4 ( 25 % )                                  ;
+---------------------------------+-------------------------------------------------+


+-----------------------------------------+
; Flow Settings                           ;
+-------------------+---------------------+
; Option            ; Setting             ;
+-------------------+---------------------+
; Start date & time ; 04/09/2026 21:48:18 ;
; Main task         ; Compilation         ;
; Revision Name     ; SPACE_INVADERS      ;
+-------------------+---------------------+


+-------------------------------------------------------------------------------------------------------------------------------------------------------------------------------------------------------+
; Flow Non-Default Global Settings                                                                                                                                                                      ;
+---------------------------------------+--------------------------------------------------------------------------+---------------+--------------------------------+-----------------------------------+
; Assignment Name                       ; Value                                                                    ; Default Value ; Entity Name                    ; Section Id                        ;
+---------------------------------------+--------------------------------------------------------------------------+---------------+--------------------------------+-----------------------------------+
; COMPILER_SIGNATURE_ID                 ; 143491104653651.177576409128968                                          ; --            ; --                             ; --                                ;
; ECO_REGENERATE_REPORT                 ; On                                                                       ; Off           ; --                             ; --                                ;
; EDA_GENERATE_FUNCTIONAL_NETLIST       ; Off                                                                      ; --            ; --                             ; eda_board_design_timing           ;
; EDA_GENERATE_FUNCTIONAL_NETLIST       ; Off                                                                      ; --            ; --                             ; eda_board_design_boundary_scan    ;
; EDA_GENERATE_FUNCTIONAL_NETLIST       ; Off                                                                      ; --            ; --                             ; eda_board_design_signal_integrity ;
; EDA_GENERATE_FUNCTIONAL_NETLIST       ; Off                                                                      ; --            ; --                             ; eda_board_design_symbol           ;
; EDA_OUTPUT_DATA_FORMAT                ; Verilog Hdl                                                              ; --            ; --                             ; eda_simulation                    ;
; EDA_SIMULATION_TOOL                   ; Questa Intel FPGA (Verilog)                                              ; <None>        ; --                             ; --                                ;
; EDA_TIME_SCALE                        ; 1 ps                                                                     ; --            ; --                             ; eda_simulation                    ;
; HPS_ISW_FILE                          ; soc_system/synthesis/submodules/sequencer/alt_types.pre.h                ; --            ; soc_system_hps_0_hps_io_border ; --                                ;
; HPS_ISW_FILE                          ; soc_system/synthesis/submodules/sequencer/emif.pre.xml                   ; --            ; soc_system_hps_0_hps_io_border ; --                                ;
; HPS_ISW_FILE                          ; soc_system/synthesis/submodules/sequencer/sdram_io.pre.h                 ; --            ; soc_system_hps_0_hps_io_border ; --                                ;
; HPS_ISW_FILE                          ; soc_system/synthesis/submodules/sequencer/sequencer.pre.c                ; --            ; soc_system_hps_0_hps_io_border ; --                                ;
; HPS_ISW_FILE                          ; soc_system/synthesis/submodules/sequencer/sequencer.pre.h                ; --            ; soc_system_hps_0_hps_io_border ; --                                ;
; HPS_ISW_FILE                          ; soc_system/synthesis/submodules/sequencer/sequencer_auto.pre.h           ; --            ; soc_system_hps_0_hps_io_border ; --                                ;
; HPS_ISW_FILE                          ; soc_system/synthesis/submodules/sequencer/sequencer_auto_ac_init.pre.c   ; --            ; soc_system_hps_0_hps_io_border ; --                                ;
; HPS_ISW_FILE                          ; soc_system/synthesis/submodules/sequencer/sequencer_auto_inst_init.pre.c ; --            ; soc_system_hps_0_hps_io_border ; --                                ;
; HPS_ISW_FILE                          ; soc_system/synthesis/submodules/sequencer/sequencer_defines.pre.h        ; --            ; soc_system_hps_0_hps_io_border ; --                                ;
; HPS_ISW_FILE                          ; soc_system/synthesis/submodules/sequencer/system.pre.h                   ; --            ; soc_system_hps_0_hps_io_border ; --                                ;
; HPS_ISW_FILE                          ; soc_system/synthesis/submodules/sequencer/tclrpt.pre.c                   ; --            ; soc_system_hps_0_hps_io_border ; --                                ;
; HPS_ISW_FILE                          ; soc_system/synthesis/submodules/sequencer/tclrpt.pre.h                   ; --            ; soc_system_hps_0_hps_io_border ; --                                ;
; HPS_ISW_FILE                          ; soc_system/synthesis/submodules/hps.pre.xml                              ; --            ; soc_system_hps_0_hps_io_border ; --                                ;
; HPS_PARTITION                         ; On                                                                       ; --            ; soc_system_hps_0_hps_io_border ; --                                ;
; MAX_CORE_JUNCTION_TEMP                ; 100                                                                      ; --            ; --                             ; --                                ;
; MIN_CORE_JUNCTION_TEMP                ; -40                                                                      ; --            ; --                             ; --                                ;
; MISC_FILE                             ; soc_system/synthesis/../soc_system.cmp                                   ; --            ; --                             ; --                                ;
; MISC_FILE                             ; soc_system/synthesis/../../C                                             ; --            ; --                             ; --                                ;
; MISC_FILE                             ; soc_system/synthesis/soc_system_hps_0_hps.svd                            ; --            ; --                             ; --                                ;
; MISC_FILE                             ; soc_system/synthesis/../../soc_system.qsys                               ; --            ; --                             ; --                                ;
; MISC_FILE                             ; soc_system/synthesis/submodules/sequencer/alt_types.pre.h                ; --            ; --                             ; --                                ;
; MISC_FILE                             ; soc_system/synthesis/submodules/sequencer/emif.pre.xml                   ; --            ; --                             ; --                                ;
; MISC_FILE                             ; soc_system/synthesis/submodules/sequencer/sdram_io.pre.h                 ; --            ; --                             ; --                                ;
; MISC_FILE                             ; soc_system/synthesis/submodules/sequencer/sequencer.pre.c                ; --            ; --                             ; --                                ;
; MISC_FILE                             ; soc_system/synthesis/submodules/sequencer/sequencer.pre.h                ; --            ; --                             ; --                                ;
; MISC_FILE                             ; soc_system/synthesis/submodules/sequencer/sequencer_auto.pre.h           ; --            ; --                             ; --                                ;
; MISC_FILE                             ; soc_system/synthesis/submodules/sequencer/sequencer_auto_ac_init.pre.c   ; --            ; --                             ; --                                ;
; MISC_FILE                             ; soc_system/synthesis/submodules/sequencer/sequencer_auto_inst_init.pre.c ; --            ; --                             ; --                                ;
; MISC_FILE                             ; soc_system/synthesis/submodules/sequencer/sequencer_defines.pre.h        ; --            ; --                             ; --                                ;
; MISC_FILE                             ; soc_system/synthesis/submodules/sequencer/system.pre.h                   ; --            ; --                             ; --                                ;
; MISC_FILE                             ; soc_system/synthesis/submodules/sequencer/tclrpt.pre.c                   ; --            ; --                             ; --                                ;
; MISC_FILE                             ; soc_system/synthesis/submodules/sequencer/tclrpt.pre.h                   ; --            ; --                             ; --                                ;
; MISC_FILE                             ; soc_system/synthesis/submodules/hps.pre.xml                              ; --            ; --                             ; --                                ;
; MISC_FILE                             ; pll_hdmi.cmp                                                             ; --            ; --                             ; --                                ;
; MISC_FILE                             ; pll_hdmi_sim/pll_hdmi.vo                                                 ; --            ; --                             ; --                                ;
; MISC_FILE                             ; rom_intro_bb.v                                                           ; --            ; --                             ; --                                ;
; MISC_FILE                             ; rom_alerts_bb.v                                                          ; --            ; --                             ; --                                ;
; MISC_FILE                             ; player_ram2_bb.v                                                         ; --            ; --                             ; --                                ;
; MISC_FILE                             ; glyph_rom_bb.v                                                           ; --            ; --                             ; --                                ;
; MISC_FILE                             ; video_ram1_bb.v                                                          ; --            ; --                             ; --                                ;
; MISC_FILE                             ; cpu_ram_bb.v                                                             ; --            ; --                             ; --                                ;
; MISC_FILE                             ; cpu_ram1_rom_bb.v                                                        ; --            ; --                             ; --                                ;
; MISC_FILE                             ; cpu_ram2_video_bb.v                                                      ; --            ; --                             ; --                                ;
; MISC_FILE                             ; pll_audio.cmp                                                            ; --            ; --                             ; --                                ;
; MISC_FILE                             ; pll_audio_sim/pll_audio.vo                                               ; --            ; --                             ; --                                ;
; MISC_FILE                             ; fifo_audio_bb.v                                                          ; --            ; --                             ; --                                ;
; OUTPUT_IO_TIMING_FAR_END_VMEAS        ; Half Signal Swing                                                        ; --            ; --                             ; --                                ;
; OUTPUT_IO_TIMING_FAR_END_VMEAS        ; Half Signal Swing                                                        ; --            ; --                             ; --                                ;
; OUTPUT_IO_TIMING_NEAR_END_VMEAS       ; Half Vccio                                                               ; --            ; --                             ; --                                ;
; OUTPUT_IO_TIMING_NEAR_END_VMEAS       ; Half Vccio                                                               ; --            ; --                             ; --                                ;
; PARTITION_COLOR                       ; -- (Not supported for targeted family)                                   ; --            ; --                             ; Top                               ;
; PARTITION_FITTER_PRESERVATION_LEVEL   ; -- (Not supported for targeted family)                                   ; --            ; --                             ; Top                               ;
; PARTITION_NETLIST_TYPE                ; -- (Not supported for targeted family)                                   ; --            ; --                             ; Top                               ;
; POWER_BOARD_THERMAL_MODEL             ; None (CONSERVATIVE)                                                      ; --            ; --                             ; --                                ;
; POWER_PRESET_COOLING_SOLUTION         ; 23 MM HEAT SINK WITH 200 LFPM AIRFLOW                                    ; --            ; --                             ; --                                ;
; PROJECT_OUTPUT_DIRECTORY              ; output_files                                                             ; --            ; --                             ; --                                ;
; SLD_FILE                              ; soc_system/synthesis/soc_system.regmap                                   ; --            ; --                             ; --                                ;
; SLD_FILE                              ; soc_system/synthesis/soc_system.debuginfo                                ; --            ; --                             ; --                                ;
; SLD_INFO                              ; QSYS_NAME soc_system HAS_SOPCINFO 1 GENERATION_ID 1775082198             ; --            ; soc_system                     ; --                                ;
; SOPCINFO_FILE                         ; soc_system/synthesis/../../soc_system.sopcinfo                           ; --            ; --                             ; --                                ;
; SPD_FILE                              ; pll_hdmi.spd                                                             ; --            ; --                             ; --                                ;
; SPD_FILE                              ; pll_audio.spd                                                            ; --            ; --                             ; --                                ;
; SYNTHESIS_ONLY_QIP                    ; On                                                                       ; --            ; --                             ; --                                ;
; SYNTHESIS_ONLY_QIP                    ; On                                                                       ; --            ; --                             ; --                                ;
; SYNTHESIS_ONLY_QIP                    ; On                                                                       ; --            ; --                             ; --                                ;
; USE_DLL_FREQUENCY_FOR_DQS_DELAY_CHAIN ; On                                                                       ; Off           ; --                             ; --                                ;
; VERILOG_SHOW_LMF_MAPPING_MESSAGES     ; Off                                                                      ; --            ; --                             ; --                                ;
+---------------------------------------+--------------------------------------------------------------------------+---------------+--------------------------------+-----------------------------------+


+--------------------------------------------------------------------------------------------------------------------------+
; Flow Elapsed Time                                                                                                        ;
+----------------------+--------------+-------------------------+---------------------+------------------------------------+
; Module Name          ; Elapsed Time ; Average Processors Used ; Peak Virtual Memory ; Total CPU Time (on all processors) ;
+----------------------+--------------+-------------------------+---------------------+------------------------------------+
; Analysis & Synthesis ; 00:01:56     ; 1.8                     ; 5263 MB             ; 00:03:17                           ;
; Fitter               ; 00:04:09     ; 1.1                     ; 7651 MB             ; 00:06:42                           ;
; Assembler            ; 00:00:36     ; 1.0                     ; 5333 MB             ; 00:00:36                           ;
; Total                ; 00:06:41     ; --                      ; --                  ; 00:10:35                           ;
+----------------------+--------------+-------------------------+---------------------+------------------------------------+


+------------------------------------------------------------------------------------+
; Flow OS Summary                                                                    ;
+----------------------+------------------+------------+------------+----------------+
; Module Name          ; Machine Hostname ; OS Name    ; OS Version ; Processor type ;
+----------------------+------------------+------------+------------+----------------+
; Analysis & Synthesis ; DESKTOP-MJTDQ0P  ; Windows 10 ; 10.0       ; x86_64         ;
; Fitter               ; DESKTOP-MJTDQ0P  ; Windows 10 ; 10.0       ; x86_64         ;
; Assembler            ; DESKTOP-MJTDQ0P  ; Windows 10 ; 10.0       ; x86_64         ;
+----------------------+------------------+------------+------------+----------------+


------------
; Flow Log ;
------------
quartus_map --read_settings_files=on --write_settings_files=off SPACE_INVADERS -c SPACE_INVADERS
quartus_fit --read_settings_files=off --write_settings_files=off SPACE_INVADERS -c SPACE_INVADERS
quartus_asm --read_settings_files=off --write_settings_files=off SPACE_INVADERS -c SPACE_INVADERS



